Última captura de links foi Thursday, 17 de August de 2023 às 06:52
Última captura de links foi Thursday, 17 de August de 2023 às 06:59
Última captura de links foi Thursday, 17 de August de 2023 às 07:07
Última captura de links foi Thursday, 17 de August de 2023 às 07:14
Última captura de links foi Thursday, 17 de August de 2023 às 07:18
Última captura de links foi Thursday, 17 de August de 2023 às 07:33
Última captura de links foi Thursday, 17 de August de 2023 às 07:51
Última captura de links foi Thursday, 17 de August de 2023 às 09:07
Última captura de links foi Thursday, 17 de August de 2023 às 12:13
Última captura de links foi Thursday, 17 de August de 2023 às 15:07
Última captura de links foi Thursday, 17 de August de 2023 às 18:09
Última captura de links foi Thursday, 17 de August de 2023 às 21:06
Última captura de links foi Friday, 18 de August de 2023 às 00:32
Última captura de links foi Friday, 18 de August de 2023 às 03:08
Última captura de links foi Friday, 18 de August de 2023 às 06:10
Última captura de links foi Friday, 18 de August de 2023 às 09:07
Última captura de links foi Friday, 18 de August de 2023 às 12:13
Última captura de links foi Friday, 18 de August de 2023 às 15:07
Última captura de links foi Friday, 18 de August de 2023 às 18:09
Última captura de links foi Friday, 18 de August de 2023 às 21:06
Última captura de links foi Saturday, 19 de August de 2023 às 00:30
Última captura de links foi Saturday, 19 de August de 2023 às 03:08
Última captura de links foi Saturday, 19 de August de 2023 às 06:09
Última captura de links foi Saturday, 19 de August de 2023 às 09:06
Última captura de links foi Saturday, 19 de August de 2023 às 12:11
Última captura de links foi Saturday, 19 de August de 2023 às 15:06
Última captura de links foi Saturday, 19 de August de 2023 às 18:08
Última captura de links foi Saturday, 19 de August de 2023 às 21:05
Última captura de links foi Sunday, 20 de August de 2023 às 00:34
Última captura de links foi Sunday, 20 de August de 2023 às 03:08
Última captura de links foi Sunday, 20 de August de 2023 às 06:09
Última captura de links foi Sunday, 20 de August de 2023 às 09:07
Última captura de links foi Sunday, 20 de August de 2023 às 12:11
Última captura de links foi Sunday, 20 de August de 2023 às 15:06
Última captura de links foi Sunday, 20 de August de 2023 às 18:08
Última captura de links foi Sunday, 20 de August de 2023 às 21:05
Última captura de links foi Monday, 21 de August de 2023 às 00:32
Última captura de links foi Monday, 21 de August de 2023 às 03:08
Última captura de links foi Monday, 21 de August de 2023 às 06:10
Última captura de links foi Monday, 21 de August de 2023 às 09:11
Última captura de links foi Monday, 21 de August de 2023 às 12:13
Última captura de links foi Monday, 21 de August de 2023 às 15:10
Última captura de links foi Monday, 21 de August de 2023 às 18:08
Última captura de links foi Monday, 21 de August de 2023 às 21:07
Última captura de links foi Tuesday, 22 de August de 2023 às 00:32
Última captura de links foi Tuesday, 22 de August de 2023 às 03:08
Última captura de links foi Tuesday, 22 de August de 2023 às 06:10
Última captura de links foi Tuesday, 22 de August de 2023 às 09:08
Última captura de links foi Tuesday, 22 de August de 2023 às 12:13
Última captura de links foi Tuesday, 22 de August de 2023 às 15:08
Última captura de links foi Tuesday, 22 de August de 2023 às 18:09
Última captura de links foi Tuesday, 22 de August de 2023 às 21:06
Última captura de links foi Wednesday, 23 de August de 2023 às 00:32
Última captura de links foi Wednesday, 23 de August de 2023 às 03:08
Última captura de links foi Wednesday, 23 de August de 2023 às 06:10
Última captura de links foi Wednesday, 23 de August de 2023 às 09:08
Última captura de links foi Wednesday, 23 de August de 2023 às 12:13
Última captura de links foi Wednesday, 23 de August de 2023 às 15:08
Última captura de links foi Wednesday, 23 de August de 2023 às 18:08
Última captura de links foi Wednesday, 23 de August de 2023 às 21:07
Última captura de links foi Thursday, 24 de August de 2023 às 00:32
Última captura de links foi Thursday, 24 de August de 2023 às 03:08
Última captura de links foi Thursday, 24 de August de 2023 às 06:10
Última captura de links foi Thursday, 24 de August de 2023 às 09:08
Última captura de links foi Thursday, 24 de August de 2023 às 12:13
Última captura de links foi Thursday, 24 de August de 2023 às 15:08
Última captura de links foi Thursday, 24 de August de 2023 às 18:09
Última captura de links foi Thursday, 24 de August de 2023 às 21:07
Última captura de links foi Friday, 25 de August de 2023 às 00:32
Última captura de links foi Friday, 25 de August de 2023 às 03:08
Última captura de links foi Friday, 25 de August de 2023 às 06:10
Última captura de links foi Friday, 25 de August de 2023 às 09:07
Última captura de links foi Friday, 25 de August de 2023 às 12:13
Última captura de links foi Friday, 25 de August de 2023 às 15:08
Última captura de links foi Friday, 25 de August de 2023 às 18:09
Última captura de links foi Friday, 25 de August de 2023 às 21:06
Última captura de links foi Saturday, 26 de August de 2023 às 00:31
Última captura de links foi Saturday, 26 de August de 2023 às 03:08
Última captura de links foi Saturday, 26 de August de 2023 às 06:09
Última captura de links foi Saturday, 26 de August de 2023 às 09:07
Última captura de links foi Saturday, 26 de August de 2023 às 12:12
